  unittest1.cpp
LINK : warning LNK4075: 忽略“/INCREMENTAL”(由于“/LTCG”规范)
    正在创建库 G:\sotftwore\homework0\Calculator\shihaobai\caculation\Release\UnitTest1.lib 和对象 G:\sotftwore\homework0\Calculator\shihaobai\caculation\Release\UnitTest1.exp
unittest1.obj : error LNK2001: 无法解析的外部符号 "public: __thiscall Calculator::Calculator(void)" (??0Calculator@@QAE@XZ)
unittest1.obj : error LNK2001: 无法解析的外部符号 "public: class std::basic_string<char,struct std::char_traits<char>,class std::allocator<char> > __thiscall Calculator::Solve(class std::basic_string<char,struct std::char_traits<char>,class std::allocator<char> >)" (?Solve@Calculator@@QAE?AV?$basic_string@DU?$char_traits@D@std@@V?$allocator@D@2@@std@@V23@@Z)
G:\sotftwore\homework0\Calculator\shihaobai\caculation\Release\UnitTest1.dll : fatal error LNK1120: 2 个无法解析的外部命令
